[main 6534ca2] trans
 Committer: EC2 Default User <ec2-user@ip-172-31-35-120.us-east-2.compute.internal>
Your name and email address were configured automatically based
on your username and hostname. Please check that they are accurate.
You can suppress this message by setting them explicitly:

    git config --global user.name "Your Name"
    git config --global user.email you@example.com

After doing this, you may fix the identity used for this commit with:

    git commit --amend --reset-author

 2 files changed, 1 insertion(+), 1 deletion(-)
 create mode 100644 Middleware/log_transformations.log
[main 5bdbf5e] trans
 Committer: EC2 Default User <ec2-user@ip-172-31-35-120.us-east-2.compute.internal>
Your name and email address were configured automatically based
on your username and hostname. Please check that they are accurate.
You can suppress this message by setting them explicitly:

    git config --global user.name "Your Name"
    git config --global user.email you@example.com

After doing this, you may fix the identity used for this commit with:

    git commit --amend --reset-author

 1 file changed, 15 insertions(+)
[main 8b7d8f8] trans
 Committer: EC2 Default User <ec2-user@ip-172-31-35-120.us-east-2.compute.internal>
Your name and email address were configured automatically based
on your username and hostname. Please check that they are accurate.
You can suppress this message by setting them explicitly:

    git config --global user.name "Your Name"
    git config --global user.email you@example.com

After doing this, you may fix the identity used for this commit with:

    git commit --amend --reset-author

 2 files changed, 15 insertions(+), 1 deletion(-)
